08-05-2026 00:55 [JavaFX Application Thread] INFO  com.auction.system.client.Launcher - Starting client in DEMO mode with local server bootstrap
09-05-2026 00:39 [JavaFX Application Thread] INFO  com.auction.system.client.Launcher - Starting client in DEMO mode with local server bootstrap
09-05-2026 01:03 [main] INFO  com.auction.system.client.App - Starting Auction System Bootstrapper...
09-05-2026 01:03 [main] INFO  com.auction.system.client.App - No run mode specified. Detecting server at localhost:5050...
09-05-2026 01:03 [main] INFO  com.auction.system.client.App - >>> NOTICE: No server found. Setting mode to DEMO (starting internal server).
09-05-2026 01:03 [main] INFO  com.auction.system.client.App - Launching main application interface...
09-05-2026 01:03 [JavaFX Application Thread] INFO  com.auction.system.client.Launcher - Starting client in DEMO mode with local server bootstrap
09-05-2026 01:04 [main] INFO  com.auction.system.client.App - Starting Auction System Bootstrapper...
09-05-2026 01:04 [main] INFO  com.auction.system.client.App - No run mode specified. Detecting server at localhost:5050...
09-05-2026 01:04 [main] INFO  com.auction.system.client.App - >>> NOTICE: No server found. Setting mode to DEMO (starting internal server).
09-05-2026 01:04 [main] INFO  com.auction.system.client.App - Launching main application interface...
09-05-2026 01:04 [JavaFX Application Thread] INFO  com.auction.system.client.Launcher - Starting client in DEMO mode with local server bootstrap
09-05-2026 01:05 [main] INFO  com.auction.system.client.App - Starting Auction System Bootstrapper...
09-05-2026 01:05 [main] INFO  com.auction.system.client.App - No run mode specified. Detecting server at localhost:5050...
09-05-2026 01:05 [main] INFO  com.auction.system.client.App - >>> SUCCESS: External server detected! Setting mode to SEPARATE.
09-05-2026 01:05 [main] INFO  com.auction.system.client.App - Launching main application interface...
09-05-2026 01:05 [JavaFX Application Thread] INFO  com.auction.system.client.Launcher - Starting client in SEPARATE mode; expecting an external server
09-05-2026 01:11 [main] INFO  c.auction.system.server.ServerMain - Seeding demo data into the system...
09-05-2026 01:11 [main] INFO  c.auction.system.server.ServerMain - Demo data seeded successfully.
09-05-2026 01:11 [main] INFO  c.a.s.server.network.AuctionServer - =============================================
09-05-2026 01:11 [main] INFO  c.a.s.server.network.AuctionServer - AUCTION SERVER IS ONLINE ON PORT: 5050
09-05-2026 01:11 [main] INFO  c.a.s.server.network.AuctionServer - Waiting for clients to connect...
09-05-2026 01:11 [main] INFO  c.a.s.server.network.AuctionServer - =============================================
09-05-2026 01:12 [main] INFO  com.auction.system.client.App - Starting Auction System Bootstrapper...
09-05-2026 01:12 [main] INFO  com.auction.system.client.App - No run mode specified. Detecting server at localhost:5050...
09-05-2026 01:12 [main] INFO  c.a.s.server.network.AuctionServer - New client connected from: /127.0.0.1:51052
09-05-2026 01:12 [main] INFO  com.auction.system.client.App - >>> SUCCESS: External server detected! Setting mode to SEPARATE.
09-05-2026 01:12 [main] INFO  com.auction.system.client.App - Launching main application interface...
09-05-2026 01:12 [main] ERROR c.a.s.server.network.AuctionServer - Error accepting client connection
java.net.SocketException: An established connection was aborted by the software in your host machine
	at java.base/sun.nio.ch.SocketDispatcher.read0(Native Method)
	at java.base/sun.nio.ch.SocketDispatcher.read(SocketDispatcher.java:47)
	at java.base/sun.nio.ch.NioSocketImpl.tryRead(NioSocketImpl.java:255)
	at java.base/sun.nio.ch.NioSocketImpl.implRead(NioSocketImpl.java:305)
	at java.base/sun.nio.ch.NioSocketImpl.read(NioSocketImpl.java:354)
	at java.base/sun.nio.ch.NioSocketImpl$1.read(NioSocketImpl.java:798)
	at java.base/java.net.Socket$SocketInputStream.implRead(Socket.java:974)
	at java.base/java.net.Socket$SocketInputStream.read(Socket.java:964)
	at java.base/java.io.ObjectInputStream$PeekInputStream.read(ObjectInputStream.java:2762)
	at java.base/java.io.ObjectInputStream$PeekInputStream.readFully(ObjectInputStream.java:2778)
	at java.base/java.io.ObjectInputStream$BlockDataInputStream.readShort(ObjectInputStream.java:3277)
	at java.base/java.io.ObjectInputStream.readStreamHeader(ObjectInputStream.java:904)
	at java.base/java.io.ObjectInputStream.<init>(ObjectInputStream.java:378)
	at com.auction.system.server.network.ClientHandler.<init>(ClientHandler.java:40)
	at com.auction.system.server.network.AuctionServer.start(AuctionServer.java:58)
	at com.auction.system.server.ServerMain.main(ServerMain.java:27)
09-05-2026 01:12 [JavaFX Application Thread] INFO  com.auction.system.client.Launcher - Starting client in SEPARATE mode; expecting an external server
09-05-2026 01:13 [main] INFO  c.auction.system.server.ServerMain - Seeding demo data into the system...
09-05-2026 01:13 [main] INFO  c.auction.system.server.ServerMain - Demo data seeded successfully.
09-05-2026 01:13 [main] INFO  c.a.s.server.network.AuctionServer - =============================================
09-05-2026 01:13 [main] INFO  c.a.s.server.network.AuctionServer - AUCTION SERVER IS ONLINE ON PORT: 5050
09-05-2026 01:13 [main] INFO  c.a.s.server.network.AuctionServer - Waiting for clients to connect...
09-05-2026 01:13 [main] INFO  c.a.s.server.network.AuctionServer - =============================================
09-05-2026 01:13 [main] INFO  com.auction.system.client.App - Starting Auction System Bootstrapper...
09-05-2026 01:13 [main] INFO  com.auction.system.client.App - No run mode specified. Detecting server at localhost:5050...
09-05-2026 01:13 [main] INFO  c.a.s.server.network.AuctionServer - New client connected from: /127.0.0.1:51123
09-05-2026 01:13 [main] INFO  com.auction.system.client.App - >>> SUCCESS: External server detected! Setting mode to SEPARATE.
09-05-2026 01:13 [main] INFO  com.auction.system.client.App - Launching main application interface...
09-05-2026 01:13 [main] ERROR c.a.s.server.network.AuctionServer - Error accepting client connection
java.net.SocketException: An established connection was aborted by the software in your host machine
	at java.base/sun.nio.ch.SocketDispatcher.read0(Native Method)
	at java.base/sun.nio.ch.SocketDispatcher.read(SocketDispatcher.java:47)
	at java.base/sun.nio.ch.NioSocketImpl.tryRead(NioSocketImpl.java:255)
	at java.base/sun.nio.ch.NioSocketImpl.implRead(NioSocketImpl.java:305)
	at java.base/sun.nio.ch.NioSocketImpl.read(NioSocketImpl.java:354)
	at java.base/sun.nio.ch.NioSocketImpl$1.read(NioSocketImpl.java:798)
	at java.base/java.net.Socket$SocketInputStream.implRead(Socket.java:974)
	at java.base/java.net.Socket$SocketInputStream.read(Socket.java:964)
	at java.base/java.io.ObjectInputStream$PeekInputStream.read(ObjectInputStream.java:2762)
	at java.base/java.io.ObjectInputStream$PeekInputStream.readFully(ObjectInputStream.java:2778)
	at java.base/java.io.ObjectInputStream$BlockDataInputStream.readShort(ObjectInputStream.java:3277)
	at java.base/java.io.ObjectInputStream.readStreamHeader(ObjectInputStream.java:904)
	at java.base/java.io.ObjectInputStream.<init>(ObjectInputStream.java:378)
	at com.auction.system.server.network.ClientHandler.<init>(ClientHandler.java:40)
	at com.auction.system.server.network.AuctionServer.start(AuctionServer.java:58)
	at com.auction.system.server.ServerMain.main(ServerMain.java:27)
09-05-2026 01:13 [JavaFX Application Thread] INFO  com.auction.system.client.Launcher - Starting client in SEPARATE mode; expecting an external server
09-05-2026 01:43 [main] INFO  com.auction.system.client.App - Starting Auction System Bootstrapper...
09-05-2026 01:43 [main] INFO  com.auction.system.client.App - No run mode specified. Detecting server at localhost:5050...
09-05-2026 01:43 [main] INFO  com.auction.system.client.App - >>> NOTICE: No server found. Setting mode to DEMO (starting internal server).
09-05-2026 01:43 [main] INFO  com.auction.system.client.App - Launching main application interface...
09-05-2026 01:43 [JavaFX Application Thread] INFO  c.auction.system.server.ServerMain - Seeding demo data into the system...
09-05-2026 01:43 [JavaFX Application Thread] INFO  c.auction.system.server.ServerMain - Demo data seeded successfully.
09-05-2026 01:43 [auction-server] INFO  c.a.s.server.network.AuctionServer - =============================================
09-05-2026 01:43 [auction-server] INFO  c.a.s.server.network.AuctionServer - AUCTION SERVER IS ONLINE ON PORT: 5050
09-05-2026 01:43 [auction-server] INFO  c.a.s.server.network.AuctionServer - Waiting for clients to connect...
09-05-2026 01:43 [auction-server] INFO  c.a.s.server.network.AuctionServer - =============================================
09-05-2026 01:43 [JavaFX Application Thread] INFO  com.auction.system.client.Launcher - Starting client in DEMO mode with local server bootstrap
09-05-2026 01:45 [main] INFO  com.auction.system.client.App - Starting Auction System Bootstrapper...
09-05-2026 01:45 [main] INFO  com.auction.system.client.App - No run mode specified. Detecting server at localhost:5050...
09-05-2026 01:45 [main] INFO  com.auction.system.client.App - >>> NOTICE: No server found. Setting mode to DEMO (starting internal server).
09-05-2026 01:45 [main] INFO  com.auction.system.client.App - Launching main application interface...
09-05-2026 01:45 [JavaFX Application Thread] INFO  c.auction.system.server.ServerMain - Seeding demo data into the system...
09-05-2026 01:45 [JavaFX Application Thread] INFO  c.auction.system.server.ServerMain - Demo data seeded successfully.
09-05-2026 01:45 [auction-server] INFO  c.a.s.server.network.AuctionServer - =============================================
09-05-2026 01:45 [auction-server] INFO  c.a.s.server.network.AuctionServer - AUCTION SERVER IS ONLINE ON PORT: 5050
09-05-2026 01:45 [auction-server] INFO  c.a.s.server.network.AuctionServer - Waiting for clients to connect...
09-05-2026 01:45 [auction-server] INFO  c.a.s.server.network.AuctionServer - =============================================
09-05-2026 01:45 [JavaFX Application Thread] INFO  com.auction.system.client.Launcher - Starting client in DEMO mode with local server bootstrap
09-05-2026 01:45 [main] INFO  com.auction.system.client.App - Starting Auction System Bootstrapper...
09-05-2026 01:45 [main] INFO  com.auction.system.client.App - No run mode specified. Detecting server at localhost:5050...
09-05-2026 01:45 [main] INFO  com.auction.system.client.App - >>> NOTICE: No server found. Setting mode to DEMO (starting internal server).
09-05-2026 01:45 [main] INFO  com.auction.system.client.App - Launching main application interface...
09-05-2026 01:45 [JavaFX Application Thread] INFO  c.auction.system.server.ServerMain - Seeding demo data into the system...
09-05-2026 01:45 [JavaFX Application Thread] INFO  c.auction.system.server.ServerMain - Demo data seeded successfully.
09-05-2026 01:45 [auction-server] INFO  c.a.s.server.network.AuctionServer - =============================================
09-05-2026 01:45 [auction-server] INFO  c.a.s.server.network.AuctionServer - AUCTION SERVER IS ONLINE ON PORT: 5050
09-05-2026 01:45 [auction-server] INFO  c.a.s.server.network.AuctionServer - Waiting for clients to connect...
09-05-2026 01:45 [auction-server] INFO  c.a.s.server.network.AuctionServer - =============================================
09-05-2026 01:45 [JavaFX Application Thread] INFO  com.auction.system.client.Launcher - Starting client in DEMO mode with local server bootstrap
09-05-2026 01:46 [main] INFO  c.auction.system.server.ServerMain - Seeding demo data into the system...
09-05-2026 01:46 [main] INFO  c.auction.system.server.ServerMain - Demo data seeded successfully.
09-05-2026 01:46 [main] INFO  c.a.s.server.network.AuctionServer - =============================================
09-05-2026 01:46 [main] INFO  c.a.s.server.network.AuctionServer - AUCTION SERVER IS ONLINE ON PORT: 5050
09-05-2026 01:46 [main] INFO  c.a.s.server.network.AuctionServer - Waiting for clients to connect...
09-05-2026 01:46 [main] INFO  c.a.s.server.network.AuctionServer - =============================================
09-05-2026 01:46 [main] INFO  com.auction.system.client.App - Starting Auction System Bootstrapper...
09-05-2026 01:46 [main] INFO  com.auction.system.client.App - No run mode specified. Detecting server at localhost:5050...
09-05-2026 01:46 [main] INFO  c.a.s.server.network.AuctionServer - New client connected from: /127.0.0.1:51779
09-05-2026 01:46 [main] INFO  com.auction.system.client.App - >>> SUCCESS: External server detected! Setting mode to SEPARATE.
09-05-2026 01:46 [main] INFO  com.auction.system.client.App - Launching main application interface...
09-05-2026 01:46 [main] ERROR c.a.s.server.network.AuctionServer - Error accepting client connection
java.net.SocketException: An established connection was aborted by the software in your host machine
	at java.base/sun.nio.ch.SocketDispatcher.read0(Native Method)
	at java.base/sun.nio.ch.SocketDispatcher.read(SocketDispatcher.java:47)
	at java.base/sun.nio.ch.NioSocketImpl.tryRead(NioSocketImpl.java:255)
	at java.base/sun.nio.ch.NioSocketImpl.implRead(NioSocketImpl.java:305)
	at java.base/sun.nio.ch.NioSocketImpl.read(NioSocketImpl.java:354)
	at java.base/sun.nio.ch.NioSocketImpl$1.read(NioSocketImpl.java:798)
	at java.base/java.net.Socket$SocketInputStream.implRead(Socket.java:974)
	at java.base/java.net.Socket$SocketInputStream.read(Socket.java:964)
	at java.base/java.io.ObjectInputStream$PeekInputStream.read(ObjectInputStream.java:2762)
	at java.base/java.io.ObjectInputStream$PeekInputStream.readFully(ObjectInputStream.java:2778)
	at java.base/java.io.ObjectInputStream$BlockDataInputStream.readShort(ObjectInputStream.java:3277)
	at java.base/java.io.ObjectInputStream.readStreamHeader(ObjectInputStream.java:904)
	at java.base/java.io.ObjectInputStream.<init>(ObjectInputStream.java:378)
	at com.auction.system.server.network.ClientHandler.<init>(ClientHandler.java:40)
	at com.auction.system.server.network.AuctionServer.start(AuctionServer.java:58)
	at com.auction.system.server.ServerMain.main(ServerMain.java:27)
09-05-2026 01:46 [JavaFX Application Thread] INFO  com.auction.system.client.Launcher - Starting client in SEPARATE mode; expecting an external server
09-05-2026 01:46 [main] INFO  com.auction.system.client.App - Starting Auction System Bootstrapper...
09-05-2026 01:46 [main] INFO  com.auction.system.client.App - No run mode specified. Detecting server at localhost:5050...
09-05-2026 01:46 [main] INFO  com.auction.system.client.App - >>> NOTICE: No server found. Setting mode to DEMO (starting internal server).
09-05-2026 01:46 [main] INFO  com.auction.system.client.App - Launching main application interface...
09-05-2026 01:46 [JavaFX Application Thread] INFO  c.auction.system.server.ServerMain - Seeding demo data into the system...
09-05-2026 01:46 [JavaFX Application Thread] INFO  c.auction.system.server.ServerMain - Demo data seeded successfully.
09-05-2026 01:46 [auction-server] INFO  c.a.s.server.network.AuctionServer - =============================================
09-05-2026 01:46 [auction-server] INFO  c.a.s.server.network.AuctionServer - AUCTION SERVER IS ONLINE ON PORT: 5050
09-05-2026 01:46 [auction-server] INFO  c.a.s.server.network.AuctionServer - Waiting for clients to connect...
09-05-2026 01:46 [auction-server] INFO  c.a.s.server.network.AuctionServer - =============================================
09-05-2026 01:46 [JavaFX Application Thread] INFO  com.auction.system.client.Launcher - Starting client in DEMO mode with local server bootstrap
